app/build/outputs/mapping/developDebug/seeds.txt
com.expressweather.accurate.live.weather.forecast.view.PolicyActivity
com.expressweather.accurate.live.weather.forecast.base.BaseFragment
com.expressweather.accurate.live.weather.forecast.view.PermissionActivity
com.expressweather.accurate.live.weather.forecast.view.ten_days_forecast.TenDaysActivity
com.expressweather.accurate.live.weather.forecast.view.search.SearchActivity
com.expressweather.accurate.live.weather.forecast.view.language.LanguageActivity
com.expressweather.accurate.live.weather.forecast.view.MainActivity
com.expressweather.accurate.live.weather.forecast.view.intro.IntroActivity
com.expressweather.accurate.live.weather.forecast.view.config.ConfigActivity
com.expressweather.accurate.live.weather.forecast.view.SplashActivity
com.expressweather.accurate.live.weather.forecast.view.search.SearchWeatherResultActivity
com.expressweather.accurate.live.weather.forecast.networking.WeatherApi
com.expressweather.accurate.live.weather.forecast.view.language.LanguageActivity: LanguageActivity()
com.expressweather.accurate.live.weather.forecast.base.BaseActivity: BaseActivity()
com.expressweather.accurate.live.weather.forecast.view.search.SearchWeatherResultActivity: SearchWeatherResultActivity()
com.expressweather.accurate.live.weather.forecast.model.network_model.Weather: Weather()
com.expressweather.accurate.live.weather.forecast.view.ten_days_forecast.TenDaysActivity: TenDaysActivity()
com.expressweather.accurate.live.weather.forecast.model.network_model.NearestArea: NearestArea()
com.expressweather.accurate.live.weather.forecast.model.network_model.Astronomy: Astronomy()
com.expressweather.accurate.live.weather.forecast.model.network_model.RootModel: RootModel()
com.expressweather.accurate.live.weather.forecast.model.network_model.AreaName: AreaName()
com.expressweather.accurate.live.weather.forecast.view.PermissionActivity: PermissionActivity()
com.expressweather.accurate.live.weather.forecast.view.SplashActivity: SplashActivity()
com.expressweather.accurate.live.weather.forecast.view.search.SearchActivity: SearchActivity()
com.expressweather.accurate.live.weather.forecast.view.PolicyActivity: PolicyActivity()
com.expressweather.accurate.live.weather.forecast.model.network_model.CurrentCondition: CurrentCondition()
com.expressweather.accurate.live.weather.forecast.base.BaseFragment: BaseFragment()
com.expressweather.accurate.live.weather.forecast.view.config.ConfigActivity: ConfigActivity()
com.expressweather.accurate.live.weather.forecast.model.network_model.Hourly: Hourly()
com.expressweather.accurate.live.weather.forecast.model.network_model.WeatherDesc: WeatherDesc()
com.expressweather.accurate.live.weather.forecast.networking.WeatherApi: retrofit2.Call getWeatherCurrent(java.lang.String)
com.expressweather.accurate.live.weather.forecast.view.MainActivity: MainActivity()
com.expressweather.accurate.live.weather.forecast.view.intro.IntroActivity: IntroActivity()
...
com.google.android.material.snackbar.Snackbar$SnackbarLayout
androidx.drawerlayout.widget.DrawerLayout
androidx.emoji2.text.EmojiCompatInitializer$1
com.bumptech.glide.load.ImageHeaderParser$ImageType
androidx.lifecycle.SavedStateHandleAttacher
androidx.core.app.RemoteActionCompat
com.google.android.material.internal.TouchObserverFrameLayout
com.bumptech.glide.GeneratedAppGlideModule
androidx.core.widget.NestedScrollView
com.google.android.material.button.MaterialButtonToggleGroup
androidx.lifecycle.LegacySavedStateHandleController$1
com.google.android.material.search.SearchBar$ScrollingViewBehavior
kotlin.coroutines.jvm.internal.BaseContinuationImpl
androidx.appcompat.widget.FitWindowsLinearLayout
com.google.android.material.appbar.CollapsingToolbarLayout
android.support.v4.app.RemoteActionCompatParcelizer
com.google.android.material.snackbar.BaseTransientBottomBar$Behavior
com.google.android.gms.common.api.GoogleApiActivity
com.google.android.gms.location.LocationRequest
kotlin.internal.jdk8.JDK8PlatformImplementations
androidx.constraintlayout.helper.widget.Flow
androidx.core.app.CoreComponentFactory
com.google.android.material.sidesheet.SideSheetBehavior
androidx.recyclerview.widget.GridLayoutManager
android.support.v4.graphics.drawable.IconCompatParcelizer
com.google.android.material.internal.NavigationMenuView
androidx.constraintlayout.widget.Barrier
pl.droidsonroids.gif.GifIOException
androidx.core.graphics.drawable.IconCompat
com.google.android.material.appbar.AppBarLayout$ScrollingViewBehavior
com.google.android.material.datepicker.MaterialDatePicker
androidx.lifecycle.ProcessLifecycleInitializer
com.google.android.material.internal.BaselineLayout
com.google.android.gms.common.internal.ReflectedParcelable
androidx.emoji2.text.EmojiCompatInitializer
com.google.android.material.internal.NavigationMenuItemView
com.google.android.gms.common.api.Status
kotlinx.coroutines.android.AndroidExceptionPreHandler
androidx.constraintlayout.widget.ConstraintLayout
com.google.android.material.appbar.MaterialToolbar
com.google.android.material.bottomsheet.BottomSheetBehavior
com.google.android.material.floatingactionbutton.FloatingActionButton$Behavior
com.google.android.material.datepicker.MaterialCalendarGridView
androidx.appcompat.widget.DialogTitle
com.google.android.material.internal.CheckableImageButton
com.google.android.gms.common.GooglePlayServicesIncorrectManifestValueException
androidx.activity.ComponentActivity$3
androidx.transition.FragmentTransitionSupport
com.google.android.material.textfield.TextInputEditText
pl.droidsonroids.gif.GifImageView
androidx.lifecycle.CompositeGeneratedAdaptersObserver
androidx.recyclerview.widget.RecyclerView
com.google.android.material.transformation.ExpandableBehavior
androidx.appcompat.widget.ActionBarContextView
androidx.viewpager2.adapter.FragmentStateAdapter$5
com.google.android.material.search.SearchView$Behavior
androidx.lifecycle.FullLifecycleObserverAdapter
androidx.versionedparcelable.ParcelImpl
com.google.android.gms.common.api.internal.BasePendingResult
com.google.android.gms.common.util.DynamiteApi
com.google.android.material.transformation.FabTransformationBehavior
com.google.android.material.datepicker.MaterialCalendar
com.google.android.gms.common.api.internal.zzd
com.google.android.material.behavior.HideBottomViewOnScrollBehavior
com.google.android.material.floatingactionbutton.ExtendedFloatingActionButton$ExtendedFloatingActionButtonBehavior
androidx.core.app.RemoteActionCompatParcelizer
androidx.appcompat.widget.ActionBarOverlayLayout
androidx.lifecycle.SingleGeneratedAdapterObserver
okhttp3.internal.publicsuffix.PublicSuffixDatabase
com.google.android.material.button.MaterialButton
androidx.appcompat.widget.ContentFrameLayout
com.google.android.material.transformation.FabTransformationSheetBehavior
androidx.appcompat.app.AlertController$RecycleListView
androidx.savedstate.Recreator
com.google.android.gms.common.SupportErrorDialogFragment