app/build/outputs/mapping/developDebug/mapping.txt
# compiler: R8
# compiler_version: 4.0.52
# min_api: 24
# common_typos_disable
# {"id":"com.android.tools.r8.mapping","version":"2.1"}
# pg_map_id: 8a0a5ca
# pg_map_hash: SHA-256 8a0a5ca4ca45b07d857d9bfc47f3cfbf04815b868ea48bcbfe12bc47b760fee5
com.expressweather.accurate.live.weather.forecast.base.BaseActivity -> com.expressweather.accurate.live.weather.forecast.base.BaseActivity:
    0:0:void $r8$lambda$JeYoNZVnQP5A9uwR3a2Nd9AiMLU(com.expressweather.accurate.live.weather.forecast.base.BaseActivity,android.app.Activity,com.google.android.gms.tasks.Task) -> $r8$lambda$JeYoNZVnQP5A9uwR3a2Nd9AiMLU
      # {"id":"com.android.tools.r8.synthesized"}
    0:0:void $r8$lambda$VdRqKGEiiZRwNe7OhtNqsn-_Wp8(com.expressweather.accurate.live.weather.forecast.base.BaseActivity,int) -> $r8$lambda$VdRqKGEiiZRwNe7OhtNqsn-_Wp8
      # {"id":"com.android.tools.r8.synthesized"}
    0:0:void $r8$lambda$ZRyDYzWlYDYYKk3o2vZHdXx_fzI(com.expressweather.accurate.live.weather.forecast.base.BaseActivity) -> $r8$lambda$ZRyDYzWlYDYYKk3o2vZHdXx_fzI
      # {"id":"com.android.tools.r8.synthesized"}
    33:33:void <init>() -> <init>
    100:101:boolean checkTurnOnLocation() -> checkTurnOnLocation
    84:93:void lambda$onResume$0() -> lambda$onResume$0
    81:95:void lambda$onResume$1(int) -> lambda$onResume$1
    118:130:void lambda$openPopUpLocationSetting$2(android.app.Activity,com.google.android.gms.tasks.Task) -> lambda$openPopUpLocationSetting$2
    46:59:void onCreate(android.os.Bundle) -> onCreate
    63:97:void onResume() -> onResume
    105:131:void openPopUpLocationSetting(android.app.Activity) -> openPopUpLocationSetting
com.expressweather.accurate.live.weather.forecast.base.BaseActivity$$ExternalSyntheticLambda0 -> com.expressweather.accurate.live.weather.forecast.base.BaseActivity$$ExternalSyntheticLambda0:
# {"id":"sourceFile","fileName":"R8$$SyntheticClass"}
# {"id":"com.android.tools.r8.synthesized"}
    com.expressweather.accurate.live.weather.forecast.base.BaseActivity com.expressweather.accurate.live.weather.forecast.base.BaseActivity$$InternalSyntheticLambda$1$4d4cfa9379cc2253b0de5f7e993de0c8a70ce4ccadd29e69e40c90133bd782b3$0.f$0 -> f$0
    0:0:void com.expressweather.accurate.live.weather.forecast.base.BaseActivity$$InternalSyntheticLambda$1$4d4cfa9379cc2253b0de5f7e993de0c8a70ce4ccadd29e69e40c90133bd782b3$0.<init>(com.expressweather.accurate.live.weather.forecast.base.BaseActivity) -> <init>
      # {"id":"com.android.tools.r8.synthesized"}
    0:0:void com.expressweather.accurate.live.weather.forecast.base.BaseActivity$$InternalSyntheticLambda$1$4d4cfa9379cc2253b0de5f7e993de0c8a70ce4ccadd29e69e40c90133bd782b3$0.onSystemUiVisibilityChange(int) -> onSystemUiVisibilityChange
      # {"id":"com.android.tools.r8.synthesized"}
com.expressweather.accurate.live.weather.forecast.base.BaseActivity$$ExternalSyntheticLambda1 -> com.expressweather.accurate.live.weather.forecast.base.BaseActivity$$ExternalSyntheticLambda1:
# {"id":"sourceFile","fileName":"R8$$SyntheticClass"}
# {"id":"com.android.tools.r8.synthesized"}
    com.expressweather.accurate.live.weather.forecast.base.BaseActivity com.expressweather.accurate.live.weather.forecast.base.BaseActivity$$InternalSyntheticLambda$1$7c2a20d12114c2c733673a70d42885f4ad6363578c0071a9f8be967af9bb044c$0.f$0 -> f$0
    android.app.Activity com.expressweather.accurate.live.weather.forecast.base.BaseActivity$$InternalSyntheticLambda$1$7c2a20d12114c2c733673a70d42885f4ad6363578c0071a9f8be967af9bb044c$0.f$1 -> f$1
    0:0:void com.expressweather.accurate.live.weather.forecast.base.BaseActivity$$InternalSyntheticLambda$1$7c2a20d12114c2c733673a70d42885f4ad6363578c0071a9f8be967af9bb044c$0.<init>(com.expressweather.accurate.live.weather.forecast.base.BaseActivity,android.app.Activity) -> <init>
      # {"id":"com.android.tools.r8.synthesized"}
    0:0:void com.expressweather.accurate.live.weather.forecast.base.BaseActivity$$InternalSyntheticLambda$1$7c2a20d12114c2c733673a70d42885f4ad6363578c0071a9f8be967af9bb044c$0.onComplete(com.google.android.gms.tasks.Task) -> onComplete
      # {"id":"com.android.tools.r8.synthesized"}
...
com.google.android.gms.internal.location.zzc -> com.google.android.gms.internal.location.zzc:
# {"id":"sourceFile","fileName":"com.google.android.gms:play-services-location@@21.0.1"}
    1:1:void <clinit>() -> <clinit>
    1:2:android.os.Parcelable zza(android.os.Parcel,android.os.Parcelable$Creator) -> zza
    1:2:void zzb(android.os.Parcel) -> zzb
    1:3:void zzd(android.os.Parcel,android.os.Parcelable) -> zzd
    1:2:void zze(android.os.Parcel,android.os.IInterface) -> zze
com.google.android.gms.internal.location.zzcc -> com.google.android.gms.internal.location.zzcc:
# {"id":"sourceFile","fileName":"com.google.android.gms:play-services-location@@21.0.1"}
com.google.android.gms.internal.location.zzcd -> com.google.android.gms.internal.location.zzcd:
# {"id":"sourceFile","fileName":"com.google.android.gms:play-services-location@@21.0.1"}
    0:0:void <init>(com.google.android.gms.location.LocationSettingsRequest) -> <init>
    1:5:void accept(java.lang.Object,java.lang.Object) -> accept
com.google.android.gms.internal.location.zzce -> com.google.android.gms.internal.location.zzce:
# {"id":"sourceFile","fileName":"com.google.android.gms:play-services-location@@21.0.1"}
    2:2:void <init>(android.content.Context) -> <init>
    1:5:com.google.android.gms.tasks.Task checkLocationSettings(com.google.android.gms.location.LocationSettingsRequest) -> checkLocationSettings
com.google.android.gms.internal.location.zzcm -> com.google.android.gms.internal.location.zzcm:
# {"id":"sourceFile","fileName":"com.google.android.gms:play-services-location@@21.0.1"}
    1:1:void <init>(com.google.android.gms.internal.location.zzda,com.google.android.gms.tasks.TaskCompletionSource) -> <init>
    1:1:void zzb(com.google.android.gms.common.api.Status,android.location.Location) -> zzb
com.google.android.gms.internal.location.zzcq -> com.google.android.gms.internal.location.zzcq:
# {"id":"sourceFile","fileName":"com.google.android.gms:play-services-location@@21.0.1"}
    1:1:void <init>(com.google.android.gms.tasks.TaskCompletionSource) -> <init>
    1:2:void zzb(com.google.android.gms.location.LocationSettingsResult) -> zzb
com.google.android.gms.internal.location.zzd -> com.google.android.gms.internal.location.zzd:
# {"id":"sourceFile","fileName":"com.google.android.gms:play-services-location@@21.0.1"}
    1:2:void <clinit>() -> <clinit>
    1:2:void <init>(int,int,java.lang.String,java.lang.String,java.lang.String,int,java.util.List,com.google.android.gms.internal.location.zzd) -> <init>
    1:8:boolean equals(java.lang.Object) -> equals
    1:2:int hashCode() -> hashCode
    1:9:java.lang.String toString() -> toString
    1:10:void writeToParcel(android.os.Parcel,int) -> writeToParcel
com.google.android.gms.internal.location.zzda -> com.google.android.gms.internal.location.zzda:
# {"id":"sourceFile","fileName":"com.google.android.gms:play-services-location@@21.0.1"}
    1:4:void <init>(android.content.Context,android.os.Looper,com.google.android.gms.common.internal.ClientSettings,com.google.android.gms.common.api.internal.ConnectionCallbacks,com.google.android.gms.common.api.internal.OnConnectionFailedListener) -> <init>
    1:3:android.os.IInterface createServiceInterface(android.os.IBinder) -> createServiceInterface
    1:1:com.google.android.gms.common.Feature[] getApiFeatures() -> getApiFeatures
    0:0:int getMinApkVersion() -> getMinApkVersion
    0:0:java.lang.String getServiceDescriptor() -> getServiceDescriptor
    0:0:java.lang.String getStartServiceAction() -> getStartServiceAction
    1:10:void onConnectionSuspended(int) -> onConnectionSuspended
    0:0:boolean usesClientTelemetry() -> usesClientTelemetry
    1:4:boolean zzE(com.google.android.gms.common.Feature) -> zzE
    1:6:void zzt(com.google.android.gms.location.LastLocationRequest,com.google.android.gms.tasks.TaskCompletionSource) -> zzt