app/build/outputs/mapping/developDebug/usage.txt
com.expressweather.accurate.live.weather.forecast.BuildConfig
com.expressweather.accurate.live.weather.forecast.R$color
com.expressweather.accurate.live.weather.forecast.R$drawable
com.expressweather.accurate.live.weather.forecast.R$font
com.expressweather.accurate.live.weather.forecast.R$id
com.expressweather.accurate.live.weather.forecast.R$layout
com.expressweather.accurate.live.weather.forecast.R$mipmap
com.expressweather.accurate.live.weather.forecast.R$string
com.expressweather.accurate.live.weather.forecast.R$style
com.expressweather.accurate.live.weather.forecast.R
com.expressweather.accurate.live.weather.forecast.databinding.DrawerLayoutBinding:
    public static com.expressweather.accurate.live.weather.forecast.databinding.DrawerLayoutBinding inflate(android.view.LayoutInflater)
    public static com.expressweather.accurate.live.weather.forecast.databinding.DrawerLayoutBinding inflate(android.view.LayoutInflater,android.view.ViewGroup,boolean)
com.expressweather.accurate.live.weather.forecast.databinding.FragmentHomeBinding:
    public static com.expressweather.accurate.live.weather.forecast.databinding.FragmentHomeBinding inflate(android.view.LayoutInflater)
com.expressweather.accurate.live.weather.forecast.databinding.LayoutDrawerGeneralItemBinding
com.expressweather.accurate.live.weather.forecast.databinding.LayoutDrawerSettingItemBinding
com.expressweather.accurate.live.weather.forecast.databinding.LayoutImageSlideBinding
com.expressweather.accurate.live.weather.forecast.databinding.LayoutInforWeatherBinding:
    public static com.expressweather.accurate.live.weather.forecast.databinding.LayoutInforWeatherBinding inflate(android.view.LayoutInflater)
    public static com.expressweather.accurate.live.weather.forecast.databinding.LayoutInforWeatherBinding inflate(android.view.LayoutInflater,android.view.ViewGroup,boolean)
com.expressweather.accurate.live.weather.forecast.databinding.LayoutItemLanguageBinding
com.expressweather.accurate.live.weather.forecast.databinding.LayoutItemSearchWeatherBinding
com.expressweather.accurate.live.weather.forecast.databinding.LayoutItemWeatherTimeBinding
com.expressweather.accurate.live.weather.forecast.databinding.LayoutPrecipitationBinding
com.expressweather.accurate.live.weather.forecast.helper.UnitHelper:
    public void <init>()
com.expressweather.accurate.live.weather.forecast.helper.WeatherHelper:
    public void <init>()
com.expressweather.accurate.live.weather.forecast.helper.WeatherState:
    public void <init>()
com.expressweather.accurate.live.weather.forecast.locale.SystemUtils:
    public void <init>()
com.expressweather.accurate.live.weather.forecast.model.LanguageModel:
    public void setCode(java.lang.String)
    public void setName(java.lang.String)
com.expressweather.accurate.live.weather.forecast.model.TimeWeatherModel
com.expressweather.accurate.live.weather.forecast.model.WeatherSearchModel:
    public void setImgWeatherState(int)
    public void setLocation(java.lang.String)
    public void setTempC(java.lang.String)
    public void setTempF(java.lang.String)
    public void setWeatherBg(int)
    public void setWeatherState(java.lang.String)
com.expressweather.accurate.live.weather.forecast.model.network_model.Astronomy:
    public java.lang.String moon_illumination
    public java.lang.String moon_phase
    public java.lang.String moonrise
    public java.lang.String moonset
com.expressweather.accurate.live.weather.forecast.model.network_model.CurrentCondition:
    public java.lang.String cloudcover
    public java.lang.String localObsDateTime
    public java.lang.String observation_time
    public java.lang.String precipInches
    public java.lang.String pressureInches
    public java.lang.String visibilityMiles
    public java.lang.String weatherCode
    public java.lang.String winddir16Point
    public java.lang.String winddirDegree
    public java.lang.String windspeedMiles
...
io.reactivex.observers.TestObserver
io.reactivex.plugins.RxJavaPlugins:
    static volatile io.reactivex.functions.Consumer errorHandler
    static volatile boolean lockdown
    static volatile io.reactivex.functions.BiFunction onCompletableSubscribe
    static volatile io.reactivex.functions.Function onComputationHandler
    static volatile io.reactivex.functions.Function onConnectableFlowableAssembly
    static volatile io.reactivex.functions.Function onConnectableObservableAssembly
    static volatile io.reactivex.functions.BiFunction onFlowableSubscribe
    static volatile io.reactivex.functions.Function onInitComputationHandler
    static volatile io.reactivex.functions.Function onInitIoHandler
    static volatile io.reactivex.functions.Function onInitNewThreadHandler
    static volatile io.reactivex.functions.Function onInitSingleHandler
    static volatile io.reactivex.functions.Function onIoHandler
    static volatile io.reactivex.functions.BiFunction onMaybeSubscribe
    static volatile io.reactivex.functions.Function onNewThreadHandler
    static volatile io.reactivex.functions.BiFunction onObservableSubscribe
    static volatile io.reactivex.functions.Function onScheduleHandler
    static volatile io.reactivex.functions.Function onSingleHandler
    static volatile io.reactivex.functions.BiFunction onSingleSubscribe
    private void <init>()
    static java.lang.Object apply(io.reactivex.functions.BiFunction,java.lang.Object,java.lang.Object)
io.reactivex.processors.AsyncProcessor$AsyncSubscription
io.reactivex.processors.AsyncProcessor
io.reactivex.processors.BehaviorProcessor$BehaviorSubscription
io.reactivex.processors.BehaviorProcessor
io.reactivex.processors.FlowableProcessor
io.reactivex.processors.PublishProcessor$PublishSubscription
io.reactivex.processors.PublishProcessor
io.reactivex.processors.ReplayProcessor$Node
io.reactivex.processors.ReplayProcessor$ReplayBuffer
io.reactivex.processors.ReplayProcessor$ReplaySubscription
io.reactivex.processors.ReplayProcessor$SizeAndTimeBoundReplayBuffer
io.reactivex.processors.ReplayProcessor$SizeBoundReplayBuffer
io.reactivex.processors.ReplayProcessor$TimedNode
io.reactivex.processors.ReplayProcessor$UnboundedReplayBuffer
io.reactivex.processors.ReplayProcessor
io.reactivex.processors.SerializedProcessor
io.reactivex.processors.UnicastProcessor$UnicastQueueSubscription
io.reactivex.processors.UnicastProcessor
io.reactivex.schedulers.Schedulers$1
io.reactivex.schedulers.Schedulers$2
io.reactivex.schedulers.Schedulers$3
io.reactivex.schedulers.Schedulers$4
io.reactivex.schedulers.Schedulers$ComputationHolder
io.reactivex.schedulers.Schedulers$IoHolder
io.reactivex.schedulers.Schedulers$NewThreadHolder
io.reactivex.schedulers.Schedulers$SingleHolder
io.reactivex.schedulers.Schedulers
io.reactivex.schedulers.TestScheduler$TestWorker$1
io.reactivex.schedulers.TestScheduler$TestWorker$2
io.reactivex.schedulers.TestScheduler$TestWorker
io.reactivex.schedulers.TestScheduler$TimedRunnable
io.reactivex.schedulers.TestScheduler
io.reactivex.schedulers.Timed
io.reactivex.subjects.AsyncSubject$AsyncDisposable
io.reactivex.subjects.AsyncSubject
io.reactivex.subjects.BehaviorSubject$BehaviorDisposable
io.reactivex.subjects.BehaviorSubject
io.reactivex.subjects.PublishSubject$PublishDisposable
io.reactivex.subjects.PublishSubject
io.reactivex.subjects.ReplaySubject$Node
io.reactivex.subjects.ReplaySubject$ReplayBuffer
io.reactivex.subjects.ReplaySubject$ReplayDisposable
io.reactivex.subjects.ReplaySubject$SizeAndTimeBoundReplayBuffer
io.reactivex.subjects.ReplaySubject$SizeBoundReplayBuffer
io.reactivex.subjects.ReplaySubject$TimedNode
io.reactivex.subjects.ReplaySubject$UnboundedReplayBuffer
io.reactivex.subjects.ReplaySubject
io.reactivex.subjects.SerializedSubject
io.reactivex.subjects.Subject
io.reactivex.subjects.UnicastSubject$UnicastQueueDisposable
io.reactivex.subjects.UnicastSubject
io.reactivex.subscribers.DefaultSubscriber
io.reactivex.subscribers.DisposableSubscriber